#
# A fatal error has been detected by the Java Runtime Environment:
#
#  SIGBUS (0x7) at pc=0x00007fcea6b65d10, pid=867, tid=0x00007fcea72d5700
#
# JRE version: Java(TM) SE Runtime Environment (8.0_291-b10) (build 1.8.0_291-b10)
# Java VM: Java HotSpot(TM) 64-Bit Server VM (25.291-b10 mixed mode linux-amd64 compressed oops)
# Problematic frame:
# C  [libzip.so+0x11d10]  newEntry.isra.4+0x60
#
# Failed to write core dump. Core dumps have been disabled. To enable core dumping, try "ulimit -c unlimited" before starting Java again
#
# If you would like to submit a bug report, please visit:
#   http://bugreport.java.com/bugreport/crash.jsp
# The crash happened outside the Java Virtual Machine in native code.
# See problematic frame for where to report the bug.
#

---------------  T H R E A D  ---------------

Current thread (0x00007fcea000a800):  JavaThread "main" [_thread_in_native, id=871, stack(0x00007fcea71d6000,0x00007fcea72d6000)]

siginfo: si_signo: 7 (SIGBUS), si_code: 2 (BUS_ADRERR), si_addr: 0x00007fce370ef724

Registers:
RAX=0x00007fcea02567c0, RBX=0x00007fcea024c390, RCX=0x00007fcea00008d6, RDX=0x0000000000000000
RSP=0x00007fcea72d4480, RBP=0x00007fcea72d44f0, RSI=0x0000000000000000, RDI=0x0000000000000048
R8 =0x00007fcea02567c0, R9 =0x0000000000000000, R10=0x00007fce910183fb, R11=0x00007fcea7decc80
R12=0x0000000000000706, R13=0x00007fce4f30a958, R14=0x00007fcea02567c0, R15=0x00007fce370ef706
RIP=0x00007fcea6b65d10, EFLAGS=0x0000000000010206, CSGSFS=0x002b000000000033, ERR=0x0000000000000004
  TRAPNO=0x000000000000000e

Top of Stack: (sp=0x00007fcea72d4480)
0x00007fcea72d4480:   0000000000000000 00007fce4f33f587
0x00007fcea72d4490:   00007fcea72d4648 00007fce91300ccc
0x00007fcea72d44a0:   0000000000000000 00007fce4f511028
0x00007fcea72d44b0:   00007fcea000a800 00000001a7cf8e81
0x00007fcea72d44c0:   0000000000000008 0000000000000008
0x00007fcea72d44d0:   00007fcea024c390 00007fce4f30a958
0x00007fcea72d44e0:   00007fcea72d45b0 00007fcea000a800
0x00007fcea72d44f0:   00007fcea72d4510 00007fcea6b66b57
0x00007fcea72d4500:   00007fce4f30a958 0000000000000000
0x00007fcea72d4510:   00007fcea72d4580 00007fce91018427
0x00007fcea72d4520:   00007fcea72d45b0 00007fcea7c058cb
0x00007fcea72d4530:   00007fcea72d45b0 00007fcea7c058e0
0x00007fcea72d4540:   00007fcea72d4540 0000000000000000
0x00007fcea72d4550:   00007fcea72d45b0 00007fce4f30c200
0x00007fcea72d4560:   0000000000000000 00007fce4f30a958
0x00007fcea72d4570:   0000000000000000 00007fcea72d45a0
0x00007fcea72d4580:   00007fcea72d45f8 00007fce91007b10
0x00007fcea72d4590:   00000006322ba6d8 00007fce91011a57
0x00007fcea72d45a0:   0000000000000008 00007fcea024c390
0x00007fcea72d45b0:   00007fcea72d4608 00007fcea72d45b8
0x00007fcea72d45c0:   00007fce4f30ba2a 00007fcea72d4618
0x00007fcea72d45d0:   00007fce4f30c200 0000000000000000
0x00007fcea72d45e0:   00007fce4f30ba38 00007fcea72d45a0
0x00007fcea72d45f0:   00007fcea72d4608 00007fcea72d4670
0x00007fcea72d4600:   00007fce91007b10 0000000000000008
0x00007fcea72d4610:   00007fcea024c390 000000073b890258
0x00007fcea72d4620:   0000000000000001 000000073b890258
0x00007fcea72d4630:   00007fcea72d4620 00007fce4f7297ce
0x00007fcea72d4640:   00007fcea72d46a8 00007fce4f729a50
0x00007fcea72d4650:   0000000000000000 00007fce4f729898
0x00007fcea72d4660:   00007fcea72d4608 00007fcea72d46a8
0x00007fcea72d4670:   00007fcea72d46f0 00007fce91007d80 

Instructions: (pc=0x00007fcea6b65d10)
0x00007fcea6b65cf0:   00 00 00 48 c7 40 28 00 00 00 00 4d 8b 24 24 0f
0x00007fcea6b65d00:   84 1b 01 00 00 4c 2b 63 28 4c 8b 7b 18 4d 01 e7
0x00007fcea6b65d10:   41 0f b7 47 1e 45 0f b7 6f 1c 45 31 e4 66 89 45
0x00007fcea6b65d20:   ca 41 0f b7 47 20 44 89 ea 66 89 45 c8 41 8b 47 

Register to memory mapping:

RAX=0x00007fcea02567c0 is an unknown value
RBX=0x00007fcea024c390 is an unknown value
RCX=0x00007fcea00008d6 is an unknown value
RDX=0x0000000000000000 is an unknown value
RSP=0x00007fcea72d4480 is pointing into the stack for thread: 0x00007fcea000a800
RBP=0x00007fcea72d44f0 is pointing into the stack for thread: 0x00007fcea000a800
RSI=0x0000000000000000 is an unknown value
RDI=0x0000000000000048 is an unknown value
R8 =0x00007fcea02567c0 is an unknown value
R9 =0x0000000000000000 is an unknown value
R10=0x00007fce910183fb is at code_begin+859 in an Interpreter codelet
method entry point (kind = native)  [0x00007fce910180a0, 0x00007fce91018a40]  2464 bytes
R11=0x00007fcea7decc80: <offset 0x9c7c80> in /usr/lib/jvm/jdk1.8.0_291/jre/lib/amd64/server/libjvm.so at 0x00007fcea7425000
R12=0x0000000000000706 is an unknown value
R13={method} {0x00007fce4f30a958} 'getNextEntry' '(JI)J' in 'java/util/zip/ZipFile'
R14=0x00007fcea02567c0 is an unknown value
R15=0x00007fce370ef706 is an unknown value


Stack: [0x00007fcea71d6000,0x00007fcea72d6000],  sp=0x00007fcea72d4480,  free space=1017k
Native frames: (J=compiled Java code, j=interpreted, Vv=VM code, C=native code)
C  [libzip.so+0x11d10]  newEntry.isra.4+0x60
C  [libzip.so+0x12b57]  ZIP_GetNextEntry+0x37
j  java.util.zip.ZipFile.getNextEntry(JI)J+0
j  java.util.zip.ZipFile.access$500(JI)J+2
j  java.util.zip.ZipFile$ZipEntryIterator.next()Ljava/util/zip/ZipEntry;+54
j  java.util.zip.ZipFile$ZipEntryIterator.nextElement()Ljava/util/zip/ZipEntry;+1
j  java.util.zip.ZipFile$ZipEntryIterator.nextElement()Ljava/lang/Object;+1
j  sun.security.tools.jarsigner.Main.signJar(Ljava/lang/String;Ljava/lang/String;[Ljava/lang/String;)V+758
j  sun.security.tools.jarsigner.Main.run([Ljava/lang/String;)V+317
j  sun.security.tools.jarsigner.Main.main([Ljava/lang/String;)V+10
v  ~StubRoutines::call_stub
V  [libjvm.so+0x68b16a]  JavaCalls::call_helper(JavaValue*, methodHandle*, JavaCallArguments*, Thread*)+0xe1a
V  [libjvm.so+0x6d7660]  jni_invoke_static(JNIEnv_*, JavaValue*, _jobject*, JNICallType, _jmethodID*, JNI_ArgumentPusher*, Thread*) [clone .isra.98] [clone .constprop.118]+0x1f0
V  [libjvm.so+0x6d995b]  jni_CallStaticVoidMethod+0x15b
C  [libjli.so+0x889c]  JavaMain+0xa3c
C  [libpthread.so.0+0x9609]  start_thread+0xd9

Java frames: (J=compiled Java code, j=interpreted, Vv=VM code)
j  java.util.zip.ZipFile.getNextEntry(JI)J+0
j  java.util.zip.ZipFile.access$500(JI)J+2
j  java.util.zip.ZipFile$ZipEntryIterator.next()Ljava/util/zip/ZipEntry;+54
j  java.util.zip.ZipFile$ZipEntryIterator.nextElement()Ljava/util/zip/ZipEntry;+1
j  java.util.zip.ZipFile$ZipEntryIterator.nextElement()Ljava/lang/Object;+1
j  sun.security.tools.jarsigner.Main.signJar(Ljava/lang/String;Ljava/lang/String;[Ljava/lang/String;)V+758
j  sun.security.tools.jarsigner.Main.run([Ljava/lang/String;)V+317
j  sun.security.tools.jarsigner.Main.main([Ljava/lang/String;)V+10
v  ~StubRoutines::call_stub

---------------  P R O C E S S  ---------------

Java Threads: ( => current thread )
  0x00007fcea00eb000 JavaThread "Service Thread" daemon [_thread_blocked, id=901, stack(0x00007fce374f5000,0x00007fce375f6000)]
  0x00007fcea00e8800 JavaThread "C1 CompilerThread11" daemon [_thread_blocked, id=900, stack(0x00007fce375f7000,0x00007fce376f7000)]
  0x00007fcea00e6800 JavaThread "C1 CompilerThread10" daemon [_thread_blocked, id=899, stack(0x00007fce376f8000,0x00007fce377f8000)]
  0x00007fcea00e4800 JavaThread "C1 CompilerThread9" daemon [_thread_blocked, id=898, stack(0x00007fce377f9000,0x00007fce378f9000)]
  0x00007fcea00e2800 JavaThread "C1 CompilerThread8" daemon [_thread_blocked, id=897, stack(0x00007fce378fa000,0x00007fce379fa000)]
  0x00007fcea00e0800 JavaThread "C2 CompilerThread7" daemon [_thread_blocked, id=896, stack(0x00007fce379fb000,0x00007fce37afb000)]
  0x00007fcea00de000 JavaThread "C2 CompilerThread6" daemon [_thread_blocked, id=895, stack(0x00007fce37afc000,0x00007fce37bfc000)]
  0x00007fcea00dc800 JavaThread "C2 CompilerThread5" daemon [_thread_blocked, id=894, stack(0x00007fce37bfd000,0x00007fce37cfd000)]
  0x00007fcea00da000 JavaThread "C2 CompilerThread4" daemon [_thread_blocked, id=893, stack(0x00007fce37cfe000,0x00007fce37dfe000)]
  0x00007fcea00d8000 JavaThread "C2 CompilerThread3" daemon [_thread_blocked, id=892, stack(0x00007fce37dff000,0x00007fce37eff000)]
  0x00007fcea00d6000 JavaThread "C2 CompilerThread2" daemon [_thread_blocked, id=891, stack(0x00007fce37f00000,0x00007fce38000000)]
  0x00007fcea00d4000 JavaThread "C2 CompilerThread1" daemon [_thread_blocked, id=890, stack(0x00007fce4c032000,0x00007fce4c132000)]
  0x00007fcea00d1000 JavaThread "C2 CompilerThread0" daemon [_thread_blocked, id=889, stack(0x00007fce4c133000,0x00007fce4c233000)]
  0x00007fcea00cf800 JavaThread "Signal Dispatcher" daemon [_thread_blocked, id=888, stack(0x00007fce4c233000,0x00007fce4c334000)]
  0x00007fcea009a000 JavaThread "Finalizer" daemon [_thread_blocked, id=887, stack(0x00007fce4c7bf000,0x00007fce4c8c0000)]
  0x00007fcea0095800 JavaThread "Reference Handler" daemon [_thread_blocked, id=886, stack(0x00007fce4c8c0000,0x00007fce4c9c1000)]
=>0x00007fcea000a800 JavaThread "main" [_thread_in_native, id=871, stack(0x00007fcea71d6000,0x00007fcea72d6000)]

Other Threads:
  0x00007fcea008b800 VMThread [stack: 0x00007fce4c9c2000,0x00007fce4cac2000] [id=885]
  0x00007fcea00f0000 WatcherThread [stack: 0x00007fce373f5000,0x00007fce374f5000] [id=902]

VM state:not at safepoint (normal execution)

VM Mutex/Monitor currently owned by a thread: None

heap address: 0x0000000632200000, size: 6366 MB, Compressed Oops mode: Zero based, Oop shift amount: 3
Narrow klass base: 0x0000000000000000, Narrow klass shift: 3
Compressed class space size: 1073741824 Address: 0x00000007c0000000

Heap:
 PSYoungGen      total 3584K, used 3210K [0x000000073b600000, 0x000000073bd00000, 0x00000007c0000000)
  eden space 3072K, 88% used [0x000000073b600000,0x000000073b8aa730,0x000000073b900000)
  from space 512K, 93% used [0x000000073b900000,0x000000073b9783a0,0x000000073b980000)
  to   space 512K, 0% used [0x000000073bc80000,0x000000073bc80000,0x000000073bd00000)
 ParOldGen       total 5632K, used 1886K [0x0000000632200000, 0x0000000632780000, 0x000000073b600000)
  object space 5632K, 33% used [0x0000000632200000,0x00000006323d7b98,0x0000000632780000)
 Metaspace       used 6858K, capacity 7086K, committed 7296K, reserved 1056768K
  class space    used 754K, capacity 807K, committed 896K, reserved 1048576K

Card table byte_map: [0x00007fcea5b24000,0x00007fcea6794000] byte_map_base: 0x00007fcea2993000

Marking Bits: (ParMarkBitMap*) 0x00007fcea83ff1c0
 Begin Bits: [0x00007fce4f910000, 0x00007fce55c88000)
 End Bits:   [0x00007fce55c88000, 0x00007fce5c000000)

Polling page: 0x00007fcea8887000

CodeCache: size=245760Kb used=4329Kb max_used=4329Kb free=241430Kb
 bounds [0x00007fce91000000, 0x00007fce91440000, 0x00007fcea0000000]
 total_blobs=991 nmethods=686 adapters=217
 compilation: enabled

Compilation events (10 events):
Event: 0.255 Thread 0x00007fcea00e4800  685       3       java.io.UnixFileSystem::normalize (75 bytes)
Event: 0.255 Thread 0x00007fcea00e6800 nmethod 680 0x00007fce91438590 code [0x00007fce91438700, 0x00007fce91438968]
Event: 0.255 Thread 0x00007fcea00e6800  682       3       java.lang.Character::toUpperCase (6 bytes)
Event: 0.255 Thread 0x00007fcea00e2800 nmethod 679 0x00007fce91438a50 code [0x00007fce91438be0, 0x00007fce91438f70]
Event: 0.255 Thread 0x00007fcea00e2800  683       3       java.lang.Character::toUpperCase (9 bytes)
Event: 0.255 Thread 0x00007fcea00e6800 nmethod 682 0x00007fce91439110 code [0x00007fce914392a0, 0x00007fce91439538]
Event: 0.255 Thread 0x00007fcea00e2800 nmethod 683 0x00007fce91439650 code [0x00007fce914397c0, 0x00007fce914399f8]
Event: 0.255 Thread 0x00007fcea00e4800 nmethod 685 0x00007fce91439ad0 code [0x00007fce91439ca0, 0x00007fce9143a308]
Event: 0.256 Thread 0x00007fcea00e8800  686       3       java.lang.String::endsWith (17 bytes)
Event: 0.256 Thread 0x00007fcea00e8800 nmethod 686 0x00007fce9143aa10 code [0x00007fce9143ab80, 0x00007fce9143ada8]

GC Heap History (6 events):
Event: 0.063 GC heap before
{Heap before GC invocations=1 (full 0):
 PSYoungGen      total 2048K, used 1536K [0x000000073b600000, 0x000000073b880000, 0x00000007c0000000)
  eden space 1536K, 100% used [0x000000073b600000,0x000000073b780000,0x000000073b780000)
  from space 512K, 0% used [0x000000073b800000,0x000000073b800000,0x000000073b880000)
  to   space 512K, 0% used [0x000000073b780000,0x000000073b780000,0x000000073b800000)
 ParOldGen       total 5632K, used 0K [0x0000000632200000, 0x0000000632780000, 0x000000073b600000)
  object space 5632K, 0% used [0x0000000632200000,0x0000000632200000,0x0000000632780000)
 Metaspace       used 3274K, capacity 4614K, committed 4864K, reserved 1056768K
  class space    used 364K, capacity 386K, committed 512K, reserved 1048576K
Event: 0.067 GC heap after
Heap after GC invocations=1 (full 0):
 PSYoungGen      total 2048K, used 490K [0x000000073b600000, 0x000000073ba00000, 0x00000007c0000000)
  eden space 1536K, 0% used [0x000000073b600000,0x000000073b600000,0x000000073b780000)
  from space 512K, 95% used [0x000000073b780000,0x000000073b7fa960,0x000000073b800000)
  to   space 512K, 0% used [0x000000073b980000,0x000000073b980000,0x000000073ba00000)
 ParOldGen       total 5632K, used 518K [0x0000000632200000, 0x0000000632780000, 0x000000073b600000)
  object space 5632K, 9% used [0x0000000632200000,0x0000000632281ab8,0x0000000632780000)
 Metaspace       used 3274K, capacity 4614K, committed 4864K, reserved 1056768K
  class space    used 364K, capacity 386K, committed 512K, reserved 1048576K
}
Event: 0.140 GC heap before
{Heap before GC invocations=2 (full 0):
 PSYoungGen      total 2048K, used 2026K [0x000000073b600000, 0x000000073ba00000, 0x00000007c0000000)
  eden space 1536K, 100% used [0x000000073b600000,0x000000073b780000,0x000000073b780000)
  from space 512K, 95% used [0x000000073b780000,0x000000073b7fa960,0x000000073b800000)
  to   space 512K, 0% used [0x000000073b980000,0x000000073b980000,0x000000073ba00000)
 ParOldGen       total 5632K, used 518K [0x0000000632200000, 0x0000000632780000, 0x000000073b600000)
  object space 5632K, 9% used [0x0000000632200000,0x0000000632281ab8,0x0000000632780000)
 Metaspace       used 5167K, capacity 5272K, committed 5504K, reserved 1056768K
  class space    used 556K, capacity 588K, committed 640K, reserved 1048576K
Event: 0.143 GC heap after
Heap after GC invocations=2 (full 0):
 PSYoungGen      total 3584K, used 490K [0x000000073b600000, 0x000000073ba00000, 0x00000007c0000000)
  eden space 3072K, 0% used [0x000000073b600000,0x000000073b600000,0x000000073b900000)
  from space 512K, 95% used [0x000000073b980000,0x000000073b9fa960,0x000000073ba00000)
  to   space 512K, 0% used [0x000000073b900000,0x000000073b900000,0x000000073b980000)
 ParOldGen       total 5632K, used 1120K [0x0000000632200000, 0x0000000632780000, 0x000000073b600000)
  object space 5632K, 19% used [0x0000000632200000,0x00000006323180e8,0x0000000632780000)
 Metaspace       used 5167K, capacity 5272K, committed 5504K, reserved 1056768K
  class space    used 556K, capacity 588K, committed 640K, reserved 1048576K
}
Event: 0.178 GC heap before
{Heap before GC invocations=3 (full 0):
 PSYoungGen      total 3584K, used 3562K [0x000000073b600000, 0x000000073ba00000, 0x00000007c0000000)
  eden space 3072K, 100% used [0x000000073b600000,0x000000073b900000,0x000000073b900000)
  from space 512K, 95% used [0x000000073b980000,0x000000073b9fa960,0x000000073ba00000)
  to   space 512K, 0% used [0x000000073b900000,0x000000073b900000,0x000000073b980000)
 ParOldGen       total 5632K, used 1120K [0x0000000632200000, 0x0000000632780000, 0x000000073b600000)
  object space 5632K, 19% used [0x0000000632200000,0x00000006323180e8,0x0000000632780000)
 Metaspace       used 5549K, capacity 5702K, committed 5760K, reserved 1056768K
  class space    used 591K, capacity 596K, committed 640K, reserved 1048576K
Event: 0.179 GC heap after
Heap after GC invocations=3 (full 0):
 PSYoungGen      total 3584K, used 480K [0x000000073b600000, 0x000000073bd00000, 0x00000007c0000000)
  eden space 3072K, 0% used [0x000000073b600000,0x000000073b600000,0x000000073b900000)
  from space 512K, 93% used [0x000000073b900000,0x000000073b9783a0,0x000000073b980000)
  to   space 512K, 0% used [0x000000073bc80000,0x000000073bc80000,0x000000073bd00000)
 ParOldGen       total 5632K, used 1886K [0x0000000632200000, 0x0000000632780000, 0x000000073b600000)
  object space 5632K, 33% used [0x0000000632200000,0x00000006323d7b98,0x0000000632780000)
 Metaspace       used 5549K, capacity 5702K, committed 5760K, reserved 1056768K
  class space    used 591K, capacity 596K, committed 640K, reserved 1048576K
}

Deoptimization events (10 events):
Event: 0.067 Thread 0x00007fcea000a800 Uncommon trap: reason=unstable_if action=reinterpret pc=0x00007fce912d698c method=sun.text.normalizer.Trie.getCodePointOffset(I)I @ 9
Event: 0.100 Thread 0x00007fcea000a800 Uncommon trap: reason=class_check action=maybe_recompile pc=0x00007fce912d10d4 method=java.io.DataInputStream.readInt()I @ 4
Event: 0.100 Thread 0x00007fcea000a800 Uncommon trap: reason=class_check action=maybe_recompile pc=0x00007fce912d10d4 method=java.io.DataInputStream.readInt()I @ 4
Event: 0.100 Thread 0x00007fcea000a800 Uncommon trap: reason=class_check action=maybe_recompile pc=0x00007fce912d10d4 method=java.io.DataInputStream.readInt()I @ 4
Event: 0.100 Thread 0x00007fcea000a800 Uncommon trap: reason=class_check action=maybe_recompile pc=0x00007fce912d10d4 method=java.io.DataInputStream.readInt()I @ 4
Event: 0.189 Thread 0x00007fcea000a800 Uncommon trap: reason=bimorphic action=maybe_recompile pc=0x00007fce913c591c method=java.io.DataInputStream.readInt()I @ 4
Event: 0.189 Thread 0x00007fcea000a800 Uncommon trap: reason=bimorphic action=maybe_recompile pc=0x00007fce913c591c method=java.io.DataInputStream.readInt()I @ 4
Event: 0.189 Thread 0x00007fcea000a800 Uncommon trap: reason=bimorphic action=maybe_recompile pc=0x00007fce913c591c method=java.io.DataInputStream.readInt()I @ 4
Event: 0.189 Thread 0x00007fcea000a800 Uncommon trap: reason=bimorphic action=maybe_recompile pc=0x00007fce913c591c method=java.io.DataInputStream.readInt()I @ 4
Event: 0.244 Thread 0x00007fcea000a800 Uncommon trap: reason=unstable_if action=reinterpret pc=0x00007fce912ff768 method=java.lang.CharacterDataLatin1.digit(II)I @ 82

Classes redefined (0 events):
No events

Internal exceptions (10 events):
Event: 0.014 Thread 0x00007fcea000a800 Exception <a 'java/lang/NoSuchMethodError': Method sun.misc.Unsafe.defineClass(Ljava/lang/String;[BII)Ljava/lang/Class; name or signature does not match> (0x000000073b607cd8) thrown at [/scratch/jenkins/workspace/8-2-build-linux-amd64/jdk8u291/1294/hotspo
Event: 0.014 Thread 0x00007fcea000a800 Exception <a 'java/lang/NoSuchMethodError': Method sun.misc.Unsafe.prefetchRead(Ljava/lang/Object;J)V name or signature does not match> (0x000000073b607fc0) thrown at [/scratch/jenkins/workspace/8-2-build-linux-amd64/jdk8u291/1294/hotspot/src/share/vm/pri
Event: 0.046 Thread 0x00007fcea000a800 Exception <a 'java/security/PrivilegedActionException'> (0x000000073b6a2088) thrown at [/scratch/jenkins/workspace/8-2-build-linux-amd64/jdk8u291/1294/hotspot/src/share/vm/prims/jvm.cpp, line 1523]
Event: 0.046 Thread 0x00007fcea000a800 Exception <a 'java/security/PrivilegedActionException'> (0x000000073b6a2298) thrown at [/scratch/jenkins/workspace/8-2-build-linux-amd64/jdk8u291/1294/hotspot/src/share/vm/prims/jvm.cpp, line 1523]
Event: 0.046 Thread 0x00007fcea000a800 Exception <a 'java/security/PrivilegedActionException'> (0x000000073b6ac1b0) thrown at [/scratch/jenkins/workspace/8-2-build-linux-amd64/jdk8u291/1294/hotspot/src/share/vm/prims/jvm.cpp, line 1523]
Event: 0.046 Thread 0x00007fcea000a800 Exception <a 'java/security/PrivilegedActionException'> (0x000000073b6ac3c0) thrown at [/scratch/jenkins/workspace/8-2-build-linux-amd64/jdk8u291/1294/hotspot/src/share/vm/prims/jvm.cpp, line 1523]
Event: 0.048 Thread 0x00007fcea000a800 Exception <a 'java/security/PrivilegedActionException'> (0x000000073b6c88d0) thrown at [/scratch/jenkins/workspace/8-2-build-linux-amd64/jdk8u291/1294/hotspot/src/share/vm/prims/jvm.cpp, line 1523]
Event: 0.048 Thread 0x00007fcea000a800 Exception <a 'java/security/PrivilegedActionException'> (0x000000073b6c8ae0) thrown at [/scratch/jenkins/workspace/8-2-build-linux-amd64/jdk8u291/1294/hotspot/src/share/vm/prims/jvm.cpp, line 1523]
Event: 0.231 Thread 0x00007fcea000a800 Exception <a 'java/lang/NoSuchFieldError': method resolution failed> (0x000000073b7dc0e8) thrown at [/scratch/jenkins/workspace/8-2-build-linux-amd64/jdk8u291/1294/hotspot/src/share/vm/prims/methodHandles.cpp, line 1169]
Event: 0.234 Thread 0x00007fcea000a800 Exception <a 'java/lang/NoSuchFieldError': method resolution failed> (0x000000073b7e9470) thrown at [/scratch/jenkins/workspace/8-2-build-linux-amd64/jdk8u291/1294/hotspot/src/share/vm/prims/methodHandles.cpp, line 1169]

Events (10 events):
Event: 0.253 loading class jdk/internal/util/Preconditions$1
Event: 0.253 loading class jdk/internal/util/Preconditions$1 done
Event: 0.255 loading class java/util/zip/Deflater
Event: 0.255 loading class java/util/zip/Deflater done
Event: 0.255 loading class java/util/zip/CRC32
Event: 0.255 loading class java/util/zip/Checksum
Event: 0.255 loading class java/util/zip/Checksum done
Event: 0.255 loading class java/util/zip/CRC32 done
Event: 0.256 loading class java/util/zip/ZipFile$ZipEntryIterator
Event: 0.256 loading class java/util/zip/ZipFile$ZipEntryIterator done


Dynamic libraries:
632200000-632780000 rw-p 00000000 00:00 0 
632780000-73b600000 ---p 00000000 00:00 0 
73b600000-73bd00000 rw-p 00000000 00:00 0 
73bd00000-7c0000000 ---p 00000000 00:00 0 
7c0000000-7c00e0000 rw-p 00000000 00:00 0 
7c00e0000-800000000 ---p 00000000 00:00 0 
55cbdfe00000-55cbdfe01000 r-xp 00000000 08:10 8929                       /usr/lib/jvm/jdk1.8.0_291/bin/jarsigner
55cbe0000000-55cbe0001000 r--p 00000000 08:10 8929                       /usr/lib/jvm/jdk1.8.0_291/bin/jarsigner
55cbe0001000-55cbe0002000 rw-p 00001000 08:10 8929                       /usr/lib/jvm/jdk1.8.0_291/bin/jarsigner
55cbe0941000-55cbe0962000 rw-p 00000000 00:00 0                          [heap]
7fcdfc000000-7fcdfc021000 rw-p 00000000 00:00 0 
7fcdfc021000-7fce00000000 ---p 00000000 00:00 0 
7fce04000000-7fce0405b000 rw-p 00000000 00:00 0 
7fce0405b000-7fce08000000 ---p 00000000 00:00 0 
7fce08000000-7fce08021000 rw-p 00000000 00:00 0 
7fce08021000-7fce0c000000 ---p 00000000 00:00 0 
7fce0c000000-7fce0c046000 rw-p 00000000 00:00 0 
7fce0c046000-7fce10000000 ---p 00000000 00:00 0 
7fce10000000-7fce1004e000 rw-p 00000000 00:00 0 
7fce1004e000-7fce14000000 ---p 00000000 00:00 0 
7fce14000000-7fce14021000 rw-p 00000000 00:00 0 
7fce14021000-7fce18000000 ---p 00000000 00:00 0 
7fce18000000-7fce180bb000 rw-p 00000000 00:00 0 
7fce180bb000-7fce1c000000 ---p 00000000 00:00 0 
7fce1c000000-7fce1c0bc000 rw-p 00000000 00:00 0 
7fce1c0bc000-7fce20000000 ---p 00000000 00:00 0 
7fce20000000-7fce20021000 rw-p 00000000 00:00 0 
7fce20021000-7fce24000000 ---p 00000000 00:00 0 
7fce24000000-7fce24028000 rw-p 00000000 00:00 0 
7fce24028000-7fce28000000 ---p 00000000 00:00 0 
7fce28000000-7fce2809f000 rw-p 00000000 00:00 0 
7fce2809f000-7fce2c000000 ---p 00000000 00:00 0 
7fce2c000000-7fce2c04a000 rw-p 00000000 00:00 0 
7fce2c04a000-7fce30000000 ---p 00000000 00:00 0 
7fce30000000-7fce300aa000 rw-p 00000000 00:00 0 
7fce300aa000-7fce34000000 ---p 00000000 00:00 0 
7fce370ef000-7fce37122000 r--s 002f8000 08:10 107783                     /home/olliegilbey/Documents/R3/samples-java/Features/multirpc-chainmail/workflows/build/libs/workflows-0.1.jar
7fce37122000-7fce37125000 r--p 00000000 08:10 108822                     /usr/lib/x86_64-linux-gnu/libgcc_s.so.1
7fce37125000-7fce37137000 r-xp 00003000 08:10 108822                     /usr/lib/x86_64-linux-gnu/libgcc_s.so.1
7fce37137000-7fce3713b000 r--p 00015000 08:10 108822                     /usr/lib/x86_64-linux-gnu/libgcc_s.so.1
7fce3713b000-7fce3713c000 r--p 00018000 08:10 108822                     /usr/lib/x86_64-linux-gnu/libgcc_s.so.1
7fce3713c000-7fce3713d000 rw-p 00019000 08:10 108822                     /usr/lib/x86_64-linux-gnu/libgcc_s.so.1
7fce3713d000-7fce37175000 r-xp 00000000 08:10 30380                      /usr/lib/jvm/jdk1.8.0_291/jre/lib/amd64/libsunec.so
7fce37175000-7fce37374000 ---p 00038000 08:10 30380                      /usr/lib/jvm/jdk1.8.0_291/jre/lib/amd64/libsunec.so
7fce37374000-7fce37379000 r--p 00037000 08:10 30380                      /usr/lib/jvm/jdk1.8.0_291/jre/lib/amd64/libsunec.so
7fce37379000-7fce3737b000 rw-p 0003c000 08:10 30380                      /usr/lib/jvm/jdk1.8.0_291/jre/lib/amd64/libsunec.so
7fce3737b000-7fce373f4000 r--s 010ff000 08:10 40303                      /usr/lib/jvm/jdk1.8.0_291/lib/tools.jar
7fce373f4000-7fce373f5000 ---p 00000000 00:00 0 
7fce373f5000-7fce374f5000 rw-p 00000000 00:00 0 
7fce374f5000-7fce374f8000 ---p 00000000 00:00 0 
7fce374f8000-7fce375f6000 rw-p 00000000 00:00 0 
7fce375f6000-7fce375f7000 ---p 00000000 00:00 0 
7fce375f7000-7fce375fa000 ---p 00000000 00:00 0 
7fce375fa000-7fce376f7000 rw-p 00000000 00:00 0 
7fce376f7000-7fce376f8000 ---p 00000000 00:00 0 
7fce376f8000-7fce376fb000 ---p 00000000 00:00 0 
7fce376fb000-7fce377f8000 rw-p 00000000 00:00 0 
7fce377f8000-7fce377f9000 ---p 00000000 00:00 0 
7fce377f9000-7fce377fc000 ---p 00000000 00:00 0 
7fce377fc000-7fce378f9000 rw-p 00000000 00:00 0 
7fce378f9000-7fce378fa000 ---p 00000000 00:00 0 
7fce378fa000-7fce378fd000 ---p 00000000 00:00 0 
7fce378fd000-7fce379fa000 rw-p 00000000 00:00 0 
7fce379fa000-7fce379fb000 ---p 00000000 00:00 0 
7fce379fb000-7fce379fe000 ---p 00000000 00:00 0 
7fce379fe000-7fce37afb000 rw-p 00000000 00:00 0 
7fce37afb000-7fce37afc000 ---p 00000000 00:00 0 
7fce37afc000-7fce37aff000 ---p 00000000 00:00 0 
7fce37aff000-7fce37bfc000 rw-p 00000000 00:00 0 
7fce37bfc000-7fce37bfd000 ---p 00000000 00:00 0 
7fce37bfd000-7fce37c00000 ---p 00000000 00:00 0 
7fce37c00000-7fce37cfd000 rw-p 00000000 00:00 0 
7fce37cfd000-7fce37cfe000 ---p 00000000 00:00 0 
7fce37cfe000-7fce37d01000 ---p 00000000 00:00 0 
7fce37d01000-7fce37dfe000 rw-p 00000000 00:00 0 
7fce37dfe000-7fce37dff000 ---p 00000000 00:00 0 
7fce37dff000-7fce37e02000 ---p 00000000 00:00 0 
7fce37e02000-7fce37eff000 rw-p 00000000 00:00 0 
7fce37eff000-7fce37f00000 ---p 00000000 00:00 0 
7fce37f00000-7fce37f03000 ---p 00000000 00:00 0 
7fce37f03000-7fce38000000 rw-p 00000000 00:00 0 
7fce38000000-7fce38021000 rw-p 00000000 00:00 0 
7fce38021000-7fce3c000000 ---p 00000000 00:00 0 
7fce3c000000-7fce3c0a0000 rw-p 00000000 00:00 0 
7fce3c0a0000-7fce40000000 ---p 00000000 00:00 0 
7fce40000000-7fce40021000 rw-p 00000000 00:00 0 
7fce40021000-7fce44000000 ---p 00000000 00:00 0 
7fce44000000-7fce44021000 rw-p 00000000 00:00 0 
7fce44021000-7fce48000000 ---p 00000000 00:00 0 
7fce48000000-7fce48021000 rw-p 00000000 00:00 0 
7fce48021000-7fce4c000000 ---p 00000000 00:00 0 
7fce4c00c000-7fce4c01e000 r--s 00353000 08:10 38486                      /usr/lib/jvm/jdk1.8.0_291/jre/lib/resources.jar
7fce4c01e000-7fce4c020000 r--s 00009000 08:10 38301                      /usr/lib/jvm/jdk1.8.0_291/jre/lib/ext/sunec.jar
7fce4c020000-7fce4c031000 r--s 001c6000 08:10 38485                      /usr/lib/jvm/jdk1.8.0_291/jre/lib/jsse.jar
7fce4c031000-7fce4c032000 ---p 00000000 00:00 0 
7fce4c032000-7fce4c035000 ---p 00000000 00:00 0 
7fce4c035000-7fce4c132000 rw-p 00000000 00:00 0 
7fce4c132000-7fce4c133000 ---p 00000000 00:00 0 
7fce4c133000-7fce4c136000 ---p 00000000 00:00 0 
7fce4c136000-7fce4c233000 rw-p 00000000 00:00 0 
7fce4c233000-7fce4c236000 ---p 00000000 00:00 0 
7fce4c236000-7fce4c334000 rw-p 00000000 00:00 0 
7fce4c334000-7fce4c366000 r--p 00000000 08:10 3023                       /usr/lib/locale/C.UTF-8/LC_CTYPE
7fce4c366000-7fce4c4d9000 r--p 00000000 08:10 3022                       /usr/lib/locale/C.UTF-8/LC_COLLATE
7fce4c4d9000-7fce4c7bf000 r--p 00000000 08:10 3034                       /usr/lib/locale/locale-archive
7fce4c7bf000-7fce4c7c2000 ---p 00000000 00:00 0 
7fce4c7c2000-7fce4c8c0000 rw-p 00000000 00:00 0 
7fce4c8c0000-7fce4c8c3000 ---p 00000000 00:00 0 
7fce4c8c3000-7fce4c9c1000 rw-p 00000000 00:00 0 
7fce4c9c1000-7fce4c9c2000 ---p 00000000 00:00 0 
7fce4c9c2000-7fce4f750000 rw-p 00000000 00:00 0 
7fce4f750000-7fce4f910000 ---p 00000000 00:00 0 
7fce4f910000-7fce5c000000 rw-p 00000000 00:00 0 
7fce5c000000-7fce5c021000 rw-p 00000000 00:00 0 
7fce5c021000-7fce60000000 ---p 00000000 00:00 0 
7fce60000000-7fce60021000 rw-p 00000000 00:00 0 
7fce60021000-7fce64000000 ---p 00000000 00:00 0 
7fce64000000-7fce64021000 rw-p 00000000 00:00 0 
7fce64021000-7fce68000000 ---p 00000000 00:00 0 
7fce68000000-7fce68021000 rw-p 00000000 00:00 0 
7fce68021000-7fce6c000000 ---p 00000000 00:00 0 
7fce6c000000-7fce6c021000 rw-p 00000000 00:00 0 
7fce6c021000-7fce70000000 ---p 00000000 00:00 0 
7fce70000000-7fce70021000 rw-p 00000000 00:00 0 
7fce70021000-7fce74000000 ---p 00000000 00:00 0 
7fce74000000-7fce74021000 rw-p 00000000 00:00 0 
7fce74021000-7fce78000000 ---p 00000000 00:00 0 
7fce78000000-7fce78021000 rw-p 00000000 00:00 0 
7fce78021000-7fce7c000000 ---p 00000000 00:00 0 
7fce7c000000-7fce7c021000 rw-p 00000000 00:00 0 
7fce7c021000-7fce80000000 ---p 00000000 00:00 0 
7fce80000000-7fce80021000 rw-p 00000000 00:00 0 
7fce80021000-7fce84000000 ---p 00000000 00:00 0 
7fce84000000-7fce84021000 rw-p 00000000 00:00 0 
7fce84021000-7fce88000000 ---p 00000000 00:00 0 
7fce88000000-7fce88021000 rw-p 00000000 00:00 0 
7fce88021000-7fce8c000000 ---p 00000000 00:00 0 
7fce8c000000-7fce8c021000 rw-p 00000000 00:00 0 
7fce8c021000-7fce90000000 ---p 00000000 00:00 0 
7fce90001000-7fce90005000 r--s 00042000 08:10 38303                      /usr/lib/jvm/jdk1.8.0_291/jre/lib/ext/sunpkcs11.jar
7fce90005000-7fce90007000 r--s 0001b000 08:10 38394                      /usr/lib/jvm/jdk1.8.0_291/jre/lib/jce.jar
7fce90007000-7fce90008000 r--p 00000000 08:10 3030                       /usr/lib/locale/C.UTF-8/LC_NUMERIC
7fce90008000-7fce90009000 r--p 00000000 08:10 3033                       /usr/lib/locale/C.UTF-8/LC_TIME
7fce90009000-7fce9000a000 r--p 00000000 08:10 3028                       /usr/lib/locale/C.UTF-8/LC_MONETARY
7fce9000a000-7fce91000000 rw-p 00000000 00:00 0 
7fce91000000-7fce91440000 rwxp 00000000 00:00 0 
7fce91440000-7fcea0000000 ---p 00000000 00:00 0 
7fcea0000000-7fcea0555000 rw-p 00000000 00:00 0 
7fcea0555000-7fcea4000000 ---p 00000000 00:00 0 
7fcea4000000-7fcea4007000 r--s 00000000 08:10 11818                      /usr/lib/x86_64-linux-gnu/gconv/gconv-modules.cache
7fcea4007000-7fcea427a000 rw-p 00000000 00:00 0 
7fcea427a000-7fcea4457000 r--s 03e1d000 08:10 38487                      /usr/lib/jvm/jdk1.8.0_291/jre/lib/rt.jar
7fcea4457000-7fcea45cd000 rw-p 00000000 00:00 0 
7fcea45cd000-7fcea45ce000 ---p 00000000 00:00 0 
7fcea45ce000-7fcea46ce000 rw-p 00000000 00:00 0 
7fcea46ce000-7fcea46cf000 ---p 00000000 00:00 0 
7fcea46cf000-7fcea47cf000 rw-p 00000000 00:00 0 
7fcea47cf000-7fcea47d0000 ---p 00000000 00:00 0 
7fcea47d0000-7fcea48d0000 rw-p 00000000 00:00 0 
7fcea48d0000-7fcea48d1000 ---p 00000000 00:00 0 
7fcea48d1000-7fcea49d1000 rw-p 00000000 00:00 0 
7fcea49d1000-7fcea49d2000 ---p 00000000 00:00 0 
7fcea49d2000-7fcea4ad2000 rw-p 00000000 00:00 0 
7fcea4ad2000-7fcea4ad3000 ---p 00000000 00:00 0 
7fcea4ad3000-7fcea4bd3000 rw-p 00000000 00:00 0 
7fcea4bd3000-7fcea4bd4000 ---p 00000000 00:00 0 
7fcea4bd4000-7fcea4cd4000 rw-p 00000000 00:00 0 
7fcea4cd4000-7fcea4cd5000 ---p 00000000 00:00 0 
7fcea4cd5000-7fcea4dd5000 rw-p 00000000 00:00 0 
7fcea4dd5000-7fcea4dd6000 ---p 00000000 00:00 0 
7fcea4dd6000-7fcea4ed6000 rw-p 00000000 00:00 0 
7fcea4ed6000-7fcea4ed7000 ---p 00000000 00:00 0 
7fcea4ed7000-7fcea4fd7000 rw-p 00000000 00:00 0 
7fcea4fd7000-7fcea4fd8000 ---p 00000000 00:00 0 
7fcea4fd8000-7fcea50d8000 rw-p 00000000 00:00 0 
7fcea50d8000-7fcea50d9000 ---p 00000000 00:00 0 
7fcea50d9000-7fcea51d9000 rw-p 00000000 00:00 0 
7fcea51d9000-7fcea51da000 ---p 00000000 00:00 0 
7fcea51da000-7fcea52dd000 rw-p 00000000 00:00 0 
7fcea52dd000-7fcea5b24000 ---p 00000000 00:00 0 
7fcea5b24000-7fcea5b27000 rw-p 00000000 00:00 0 
7fcea5b27000-7fcea636e000 ---p 00000000 00:00 0 
7fcea636e000-7fcea6372000 rw-p 00000000 00:00 0 
7fcea6372000-7fcea6793000 ---p 00000000 00:00 0 
7fcea6793000-7fcea67a5000 rw-p 00000000 00:00 0 
7fcea67a5000-7fcea6b54000 ---p 00000000 00:00 0 
7fcea6b54000-7fcea6b6f000 r-xp 00000000 08:10 30390                      /usr/lib/jvm/jdk1.8.0_291/jre/lib/amd64/libzip.so
7fcea6b6f000-7fcea6d6e000 ---p 0001b000 08:10 30390                      /usr/lib/jvm/jdk1.8.0_291/jre/lib/amd64/libzip.so
7fcea6d6e000-7fcea6d6f000 r--p 0001a000 08:10 30390                      /usr/lib/jvm/jdk1.8.0_291/jre/lib/amd64/libzip.so
7fcea6d6f000-7fcea6d70000 rw-p 0001b000 08:10 30390                      /usr/lib/jvm/jdk1.8.0_291/jre/lib/amd64/libzip.so
7fcea6d70000-7fcea6d73000 r--p 00000000 08:10 12258                      /usr/lib/x86_64-linux-gnu/libnss_files-2.31.so
7fcea6d73000-7fcea6d7a000 r-xp 00003000 08:10 12258                      /usr/lib/x86_64-linux-gnu/libnss_files-2.31.so
7fcea6d7a000-7fcea6d7c000 r--p 0000a000 08:10 12258                      /usr/lib/x86_64-linux-gnu/libnss_files-2.31.so
7fcea6d7c000-7fcea6d7d000 r--p 0000b000 08:10 12258                      /usr/lib/x86_64-linux-gnu/libnss_files-2.31.so
7fcea6d7d000-7fcea6d7e000 rw-p 0000c000 08:10 12258                      /usr/lib/x86_64-linux-gnu/libnss_files-2.31.so
7fcea6d7e000-7fcea6d84000 rw-p 00000000 00:00 0 
7fcea6d84000-7fcea6d8c000 rw-s 00000000 08:10 207328                     /tmp/hsperfdata_olliegilbey/867
7fcea6d8c000-7fcea6db8000 r-xp 00000000 08:10 30387                      /usr/lib/jvm/jdk1.8.0_291/jre/lib/amd64/libjava.so
7fcea6db8000-7fcea6fb8000 ---p 0002c000 08:10 30387                      /usr/lib/jvm/jdk1.8.0_291/jre/lib/amd64/libjava.so
7fcea6fb8000-7fcea6fb9000 r--p 0002c000 08:10 30387                      /usr/lib/jvm/jdk1.8.0_291/jre/lib/amd64/libjava.so
7fcea6fb9000-7fcea6fbb000 rw-p 0002d000 08:10 30387                      /usr/lib/jvm/jdk1.8.0_291/jre/lib/amd64/libjava.so
7fcea6fbb000-7fcea6fc8000 r-xp 00000000 08:10 30326                      /usr/lib/jvm/jdk1.8.0_291/jre/lib/amd64/libverify.so
7fcea6fc8000-7fcea71c7000 ---p 0000d000 08:10 30326                      /usr/lib/jvm/jdk1.8.0_291/jre/lib/amd64/libverify.so
7fcea71c7000-7fcea71c9000 r--p 0000c000 08:10 30326                      /usr/lib/jvm/jdk1.8.0_291/jre/lib/amd64/libverify.so
7fcea71c9000-7fcea71ca000 rw-p 0000e000 08:10 30326                      /usr/lib/jvm/jdk1.8.0_291/jre/lib/amd64/libverify.so
7fcea71ca000-7fcea71cd000 r--p 00000000 08:10 12344                      /usr/lib/x86_64-linux-gnu/librt-2.31.so
7fcea71cd000-7fcea71d1000 r-xp 00003000 08:10 12344                      /usr/lib/x86_64-linux-gnu/librt-2.31.so
7fcea71d1000-7fcea71d2000 r--p 00007000 08:10 12344                      /usr/lib/x86_64-linux-gnu/librt-2.31.so
7fcea71d2000-7fcea71d3000 ---p 00008000 08:10 12344                      /usr/lib/x86_64-linux-gnu/librt-2.31.so
7fcea71d3000-7fcea71d4000 r--p 00008000 08:10 12344                      /usr/lib/x86_64-linux-gnu/librt-2.31.so
7fcea71d4000-7fcea71d5000 rw-p 00009000 08:10 12344                      /usr/lib/x86_64-linux-gnu/librt-2.31.so
7fcea71d5000-7fcea71d6000 ---p 00000000 00:00 0 
7fcea71d6000-7fcea71d9000 ---p 00000000 00:00 0 
7fcea71d9000-7fcea72d6000 rw-p 00000000 00:00 0 
7fcea72d6000-7fcea72e5000 r--p 00000000 08:10 12208                      /usr/lib/x86_64-linux-gnu/libm-2.31.so
7fcea72e5000-7fcea738c000 r-xp 0000f000 08:10 12208                      /usr/lib/x86_64-linux-gnu/libm-2.31.so
7fcea738c000-7fcea7423000 r--p 000b6000 08:10 12208                      /usr/lib/x86_64-linux-gnu/libm-2.31.so
7fcea7423000-7fcea7424000 r--p 0014c000 08:10 12208                      /usr/lib/x86_64-linux-gnu/libm-2.31.so
7fcea7424000-7fcea7425000 rw-p 0014d000 08:10 12208                      /usr/lib/x86_64-linux-gnu/libm-2.31.so
7fcea7425000-7fcea811a000 r-xp 00000000 08:10 30250                      /usr/lib/jvm/jdk1.8.0_291/jre/lib/amd64/server/libjvm.so
7fcea811a000-7fcea831a000 ---p 00cf5000 08:10 30250                      /usr/lib/jvm/jdk1.8.0_291/jre/lib/amd64/server/libjvm.so
7fcea831a000-7fcea83b0000 r--p 00cf5000 08:10 30250                      /usr/lib/jvm/jdk1.8.0_291/jre/lib/amd64/server/libjvm.so
7fcea83b0000-7fcea83e1000 rw-p 00d8b000 08:10 30250                      /usr/lib/jvm/jdk1.8.0_291/jre/lib/amd64/server/libjvm.so
7fcea83e1000-7fcea841e000 rw-p 00000000 00:00 0 
7fcea841e000-7fcea8443000 r--p 00000000 08:10 11971                      /usr/lib/x86_64-linux-gnu/libc-2.31.so
7fcea8443000-7fcea85bb000 r-xp 00025000 08:10 11971                      /usr/lib/x86_64-linux-gnu/libc-2.31.so
7fcea85bb000-7fcea8605000 r--p 0019d000 08:10 11971                      /usr/lib/x86_64-linux-gnu/libc-2.31.so
7fcea8605000-7fcea8606000 ---p 001e7000 08:10 11971                      /usr/lib/x86_64-linux-gnu/libc-2.31.so
7fcea8606000-7fcea8609000 r--p 001e7000 08:10 11971                      /usr/lib/x86_64-linux-gnu/libc-2.31.so
7fcea8609000-7fcea860c000 rw-p 001ea000 08:10 11971                      /usr/lib/x86_64-linux-gnu/libc-2.31.so
7fcea860c000-7fcea8610000 rw-p 00000000 00:00 0 
7fcea8610000-7fcea8611000 r--p 00000000 08:10 12010                      /usr/lib/x86_64-linux-gnu/libdl-2.31.so
7fcea8611000-7fcea8613000 r-xp 00001000 08:10 12010                      /usr/lib/x86_64-linux-gnu/libdl-2.31.so
7fcea8613000-7fcea8614000 r--p 00003000 08:10 12010                      /usr/lib/x86_64-linux-gnu/libdl-2.31.so
7fcea8614000-7fcea8615000 r--p 00003000 08:10 12010                      /usr/lib/x86_64-linux-gnu/libdl-2.31.so
7fcea8615000-7fcea8616000 rw-p 00004000 08:10 12010                      /usr/lib/x86_64-linux-gnu/libdl-2.31.so
7fcea8616000-7fcea862d000 r-xp 00000000 08:10 40125                      /usr/lib/jvm/jdk1.8.0_291/lib/amd64/jli/libjli.so
7fcea862d000-7fcea882c000 ---p 00017000 08:10 40125                      /usr/lib/jvm/jdk1.8.0_291/lib/amd64/jli/libjli.so
7fcea882c000-7fcea882d000 r--p 00016000 08:10 40125                      /usr/lib/jvm/jdk1.8.0_291/lib/amd64/jli/libjli.so
7fcea882d000-7fcea882e000 rw-p 00017000 08:10 40125                      /usr/lib/jvm/jdk1.8.0_291/lib/amd64/jli/libjli.so
7fcea882e000-7fcea8835000 r--p 00000000 08:10 12328                      /usr/lib/x86_64-linux-gnu/libpthread-2.31.so
7fcea8835000-7fcea8846000 r-xp 00007000 08:10 12328                      /usr/lib/x86_64-linux-gnu/libpthread-2.31.so
7fcea8846000-7fcea884b000 r--p 00018000 08:10 12328                      /usr/lib/x86_64-linux-gnu/libpthread-2.31.so
7fcea884b000-7fcea884c000 r--p 0001c000 08:10 12328                      /usr/lib/x86_64-linux-gnu/libpthread-2.31.so
7fcea884c000-7fcea884d000 rw-p 0001d000 08:10 12328                      /usr/lib/x86_64-linux-gnu/libpthread-2.31.so
7fcea884d000-7fcea8853000 rw-p 00000000 00:00 0 
7fcea8853000-7fcea8854000 r--p 00000000 08:10 3027                       /usr/lib/locale/C.UTF-8/LC_MESSAGES/SYS_LC_MESSAGES
7fcea8854000-7fcea8855000 r--p 00000000 08:10 3031                       /usr/lib/locale/C.UTF-8/LC_PAPER
7fcea8855000-7fcea8856000 r--p 00000000 08:10 3029                       /usr/lib/locale/C.UTF-8/LC_NAME
7fcea8856000-7fcea8857000 r--p 00000000 08:10 3021                       /usr/lib/locale/C.UTF-8/LC_ADDRESS
7fcea8857000-7fcea8858000 r--p 00000000 08:10 3032                       /usr/lib/locale/C.UTF-8/LC_TELEPHONE
7fcea8858000-7fcea8859000 r--p 00000000 08:10 3025                       /usr/lib/locale/C.UTF-8/LC_MEASUREMENT
7fcea8859000-7fcea885a000 r--p 00000000 08:10 3024                       /usr/lib/locale/C.UTF-8/LC_IDENTIFICATION
7fcea885a000-7fcea885b000 rw-p 00000000 00:00 0 
7fcea885b000-7fcea885c000 r--p 00000000 08:10 11854                      /usr/lib/x86_64-linux-gnu/ld-2.31.so
7fcea885c000-7fcea887f000 r-xp 00001000 08:10 11854                      /usr/lib/x86_64-linux-gnu/ld-2.31.so
7fcea887f000-7fcea8887000 r--p 00024000 08:10 11854                      /usr/lib/x86_64-linux-gnu/ld-2.31.so
7fcea8887000-7fcea8888000 r--p 00000000 00:00 0 
7fcea8888000-7fcea8889000 r--p 0002c000 08:10 11854                      /usr/lib/x86_64-linux-gnu/ld-2.31.so
7fcea8889000-7fcea888a000 rw-p 0002d000 08:10 11854                      /usr/lib/x86_64-linux-gnu/ld-2.31.so
7fcea888a000-7fcea888b000 rw-p 00000000 00:00 0 
7ffda6e93000-7ffda6eb4000 rw-p 00000000 00:00 0                          [stack]
7ffda6f9b000-7ffda6f9f000 r--p 00000000 00:00 0                          [vvar]
7ffda6f9f000-7ffda6fa0000 r-xp 00000000 00:00 0                          [vdso]

VM Arguments:
jvm_args: -Dapplication.home=/usr/lib/jvm/jdk1.8.0_291 -Xms8m 
java_command: sun.security.tools.jarsigner.Main -keystore /tmp/cordadevcakeys1061397711588039710jks -storetype JKS /home/olliegilbey/Documents/R3/samples-java/Features/multirpc-chainmail/workflows/build/libs/workflows-0.1.jar cordacodesign
java_class_path (initial): /usr/lib/jvm/jdk1.8.0_291/lib/tools.jar:/usr/lib/jvm/jdk1.8.0_291/classes
Launcher Type: SUN_STANDARD

Environment Variables:
PATH=/usr/local/sbin:/usr/local/bin:/usr/sbin:/usr/bin:/sbin:/bin:/usr/games:/usr/local/games:/mnt/c/Windows/system32:/mnt/c/Windows:/mnt/c/Windows/System32/Wbem:/mnt/c/Windows/System32/WindowsPowerShell/v1.0/:/mnt/c/Windows/System32/OpenSSH/:/mnt/c/Program Files/Docker/Docker/resources/bin:/mnt/c/ProgramData/DockerDesktop/version-bin:/mnt/c/Users/OliverGilbey/AppData/Local/Microsoft/WindowsApps:/mnt/c/Program Files/JetBrains/IntelliJ IDEA 2021.2/bin
SHELL=/bin/sh
HOSTTYPE=x86_64

Signal Handlers:
SIGSEGV: [libjvm.so+0xadec90], sa_mask[0]=11111111011111111101111111111110, sa_flags=SA_RESTART|SA_SIGINFO
SIGBUS: [libjvm.so+0xadec90], sa_mask[0]=11111111011111111101111111111110, sa_flags=SA_RESTART|SA_SIGINFO
SIGFPE: [libjvm.so+0x913090], sa_mask[0]=11111111011111111101111111111110, sa_flags=SA_RESTART|SA_SIGINFO
SIGPIPE: [libjvm.so+0x913090], sa_mask[0]=11111111011111111101111111111110, sa_flags=SA_RESTART|SA_SIGINFO
SIGXFSZ: [libjvm.so+0x913090], sa_mask[0]=11111111011111111101111111111110, sa_flags=SA_RESTART|SA_SIGINFO
SIGILL: [libjvm.so+0x913090], sa_mask[0]=11111111011111111101111111111110, sa_flags=SA_RESTART|SA_SIGINFO
SIGUSR1: SIG_DFL, sa_mask[0]=00000000000000000000000000000000, sa_flags=none
SIGUSR2: [libjvm.so+0x912f60], sa_mask[0]=00100000000000000000000000000000, sa_flags=SA_RESTART|SA_SIGINFO
SIGHUP: [libjvm.so+0x913580], sa_mask[0]=11111111011111111101111111111110, sa_flags=SA_RESTART|SA_SIGINFO
SIGINT: [libjvm.so+0x913580], sa_mask[0]=11111111011111111101111111111110, sa_flags=SA_RESTART|SA_SIGINFO
SIGTERM: [libjvm.so+0x913580], sa_mask[0]=11111111011111111101111111111110, sa_flags=SA_RESTART|SA_SIGINFO
SIGQUIT: [libjvm.so+0x913580], sa_mask[0]=11111111011111111101111111111110, sa_flags=SA_RESTART|SA_SIGINFO


---------------  S Y S T E M  ---------------

OS:DISTRIB_ID=Ubuntu
DISTRIB_RELEASE=20.04
DISTRIB_CODENAME=focal
DISTRIB_DESCRIPTION="Ubuntu 20.04.2 LTS"

uname:Linux 5.10.16.3-microsoft-standard-WSL2 #1 SMP Fri Apr 2 22:23:49 UTC 2021 x86_64
libc:glibc 2.31 NPTL 2.31 
rlimit: STACK 8192k, CORE 0k, NPROC 101810, NOFILE 4096, AS infinity
load average:0.95 0.45 0.26

/proc/meminfo:
MemTotal:       26067824 kB
MemFree:        22845224 kB
MemAvailable:   23493140 kB
Buffers:          144180 kB
Cached:           709996 kB
SwapCached:            0 kB
Active:           700492 kB
Inactive:        2205368 kB
Active(anon):        128 kB
Inactive(anon):  2015796 kB
Active(file):     700364 kB
Inactive(file):   189572 kB
Unevictable:           0 kB
Mlocked:               0 kB
SwapTotal:       7340032 kB
SwapFree:        7340032 kB
Dirty:               640 kB
Writeback:             0 kB
AnonPages:       2050380 kB
Mapped:            85396 kB
Shmem:                68 kB
KReclaimable:     144928 kB
Slab:             188776 kB
SReclaimable:     144928 kB
SUnreclaim:        43848 kB
KernelStack:        9104 kB
PageTables:        12100 kB
NFS_Unstable:          0 kB
Bounce:                0 kB
WritebackTmp:          0 kB
CommitLimit:    20373944 kB
Committed_AS:    3780368 kB
VmallocTotal:   34359738367 kB
VmallocUsed:       30380 kB
VmallocChunk:          0 kB
Percpu:             4864 kB
AnonHugePages:   1185792 kB
ShmemHugePages:        0 kB
ShmemPmdMapped:        0 kB
FileHugePages:         0 kB
FilePmdMapped:         0 kB
HugePages_Total:       0
HugePages_Free:        0
HugePages_Rsvd:        0
HugePages_Surp:        0
Hugepagesize:       2048 kB
Hugetlb:               0 kB
DirectMap4k:       17408 kB
DirectMap2M:     3547136 kB
DirectMap1G:    23068672 kB

container (cgroup) information:
container_type: cgroupv1
cpu_cpuset_cpus: 0-15
cpu_memory_nodes: 0
active_processor_count: 16
cpu_quota: -1
cpu_period: 100000
cpu_shares: -1
memory_limit_in_bytes: -1
memory_and_swap_limit_in_bytes: -1
memory_soft_limit_in_bytes: -1
memory_usage_in_bytes: 2974408704
memory_max_usage_in_bytes: 533123072


CPU:total 16 (initial active 16) (8 cores per cpu, 2 threads per core) family 6 model 165 stepping 2, cmov, cx8, fxsr, mmx, sse, sse2, sse3, ssse3, sse4.1, sse4.2, popcnt, avx, avx2, aes, clmul, erms, 3dnowpref, lzcnt, ht, tsc, bmi1, bmi2, adx

/proc/cpuinfo:
processor	: 0
vendor_id	: GenuineIntel
cpu family	: 6
model		: 165
model name	: Intel(R) Core(TM) i9-10885H CPU @ 2.40GHz
stepping	: 2
microcode	: 0xffffffff
cpu MHz		: 2399.746
cache size	: 16384 KB
physical id	: 0
siblings	: 16
core id		: 0
cpu cores	: 8
apicid		: 0
initial apicid	: 0
fpu		: yes
fpu_exception	: yes
cpuid level	: 21
wp		: yes
flags		: fpu vme de pse tsc msr pae mce cx8 apic sep mtrr pge mca cmov pat pse36 clflush mmx fxsr sse sse2 ss ht syscall nx pdpe1gb rdtscp lm constant_tsc rep_good nopl xtopology cpuid pni pclmulqdq ssse3 fma cx16 pcid sse4_1 sse4_2 movbe popcnt aes xsave avx f16c rdrand hypervisor lahf_lm abm 3dnowprefetch invpcid_single ssbd ibrs ibpb stibp ibrs_enhanced fsgsbase bmi1 avx2 smep bmi2 erms invpcid rdseed adx smap clflushopt xsaveopt xsavec xgetbv1 xsaves flush_l1d arch_capabilities
bugs		: spectre_v1 spectre_v2 spec_store_bypass swapgs itlb_multihit
bogomips	: 4799.49
clflush size	: 64
cache_alignment	: 64
address sizes	: 39 bits physical, 48 bits virtual
power management:

processor	: 1
vendor_id	: GenuineIntel
cpu family	: 6
model		: 165
model name	: Intel(R) Core(TM) i9-10885H CPU @ 2.40GHz
stepping	: 2
microcode	: 0xffffffff
cpu MHz		: 2399.746
cache size	: 16384 KB
physical id	: 0
siblings	: 16
core id		: 0
cpu cores	: 8
apicid		: 1
initial apicid	: 1
fpu		: yes
fpu_exception	: yes
cpuid level	: 21
wp		: yes
flags		: fpu vme de pse tsc msr pae mce cx8 apic sep mtrr pge mca cmov pat pse36 clflush mmx fxsr sse sse2 ss ht syscall nx pdpe1gb rdtscp lm constant_tsc rep_good nopl xtopology cpuid pni pclmulqdq ssse3 fma cx16 pcid sse4_1 sse4_2 movbe popcnt aes xsave avx f16c rdrand hypervisor lahf_lm abm 3dnowprefetch invpcid_single ssbd ibrs ibpb stibp ibrs_enhanced fsgsbase bmi1 avx2 smep bmi2 erms invpcid rdseed adx smap clflushopt xsaveopt xsavec xgetbv1 xsaves flush_l1d arch_capabilities
bugs		: spectre_v1 spectre_v2 spec_store_bypass swapgs itlb_multihit
bogomips	: 4799.49
clflush size	: 64
cache_alignment	: 64
address sizes	: 39 bits physical, 48 bits virtual
power management:

processor	: 2
vendor_id	: GenuineIntel
cpu family	: 6
model		: 165
model name	: Intel(R) Core(TM) i9-10885H CPU @ 2.40GHz
stepping	: 2
microcode	: 0xffffffff
cpu MHz		: 2399.746
cache size	: 16384 KB
physical id	: 0
siblings	: 16
core id		: 1
cpu cores	: 8
apicid		: 2
initial apicid	: 2
fpu		: yes
fpu_exception	: yes
cpuid level	: 21
wp		: yes
flags		: fpu vme de pse tsc msr pae mce cx8 apic sep mtrr pge mca cmov pat pse36 clflush mmx fxsr sse sse2 ss ht syscall nx pdpe1gb rdtscp lm constant_tsc rep_good nopl xtopology cpuid pni pclmulqdq ssse3 fma cx16 pcid sse4_1 sse4_2 movbe popcnt aes xsave avx f16c rdrand hypervisor lahf_lm abm 3dnowprefetch invpcid_single ssbd ibrs ibpb stibp ibrs_enhanced fsgsbase bmi1 avx2 smep bmi2 erms invpcid rdseed adx smap clflushopt xsaveopt xsavec xgetbv1 xsaves flush_l1d arch_capabilities
bugs		: spectre_v1 spectre_v2 spec_store_bypass swapgs itlb_multihit
bogomips	: 4799.49
clflush size	: 64
cache_alignment	: 64
address sizes	: 39 bits physical, 48 bits virtual
power management:

processor	: 3
vendor_id	: GenuineIntel
cpu family	: 6
model		: 165
model name	: Intel(R) Core(TM) i9-10885H CPU @ 2.40GHz
stepping	: 2
microcode	: 0xffffffff
cpu MHz		: 2399.746
cache size	: 16384 KB
physical id	: 0
siblings	: 16
core id		: 1
cpu cores	: 8
apicid		: 3
initial apicid	: 3
fpu		: yes
fpu_exception	: yes
cpuid level	: 21
wp		: yes
flags		: fpu vme de pse tsc msr pae mce cx8 apic sep mtrr pge mca cmov pat pse36 clflush mmx fxsr sse sse2 ss ht syscall nx pdpe1gb rdtscp lm constant_tsc rep_good nopl xtopology cpuid pni pclmulqdq ssse3 fma cx16 pcid sse4_1 sse4_2 movbe popcnt aes xsave avx f16c rdrand hypervisor lahf_lm abm 3dnowprefetch invpcid_single ssbd ibrs ibpb stibp ibrs_enhanced fsgsbase bmi1 avx2 smep bmi2 erms invpcid rdseed adx smap clflushopt xsaveopt xsavec xgetbv1 xsaves flush_l1d arch_capabilities
bugs		: spectre_v1 spectre_v2 spec_store_bypass swapgs itlb_multihit
bogomips	: 4799.49
clflush size	: 64
cache_alignment	: 64
address sizes	: 39 bits physical, 48 bits virtual
power management:

processor	: 4
vendor_id	: GenuineIntel
cpu family	: 6
model		: 165
model name	: Intel(R) Core(TM) i9-10885H CPU @ 2.40GHz
stepping	: 2
microcode	: 0xffffffff
cpu MHz		: 2399.746
cache size	: 16384 KB
physical id	: 0
siblings	: 16
core id		: 2
cpu cores	: 8
apicid		: 4
initial apicid	: 4
fpu		: yes
fpu_exception	: yes
cpuid level	: 21
wp		: yes
flags		: fpu vme de pse tsc msr pae mce cx8 apic sep mtrr pge mca cmov pat pse36 clflush mmx fxsr sse sse2 ss ht syscall nx pdpe1gb rdtscp lm constant_tsc rep_good nopl xtopology cpuid pni pclmulqdq ssse3 fma cx16 pcid sse4_1 sse4_2 movbe popcnt aes xsave avx f16c rdrand hypervisor lahf_lm abm 3dnowprefetch invpcid_single ssbd ibrs ibpb stibp ibrs_enhanced fsgsbase bmi1 avx2 smep bmi2 erms invpcid rdseed adx smap clflushopt xsaveopt xsavec xgetbv1 xsaves flush_l1d arch_capabilities
bugs		: spectre_v1 spectre_v2 spec_store_bypass swapgs itlb_multihit
bogomips	: 4799.49
clflush size	: 64
cache_alignment	: 64
address sizes	: 39 bits physical, 48 bits virtual
power management:

processor	: 5
vendor_id	: GenuineIntel
cpu family	: 6
model		: 165
model name	: Intel(R) Core(TM) i9-10885H CPU @ 2.40GHz
stepping	: 2
microcode	: 0xffffffff
cpu MHz		: 2399.746
cache size	: 16384 KB
physical id	: 0
siblings	: 16
core id		: 2
cpu cores	: 8
apicid		: 5
initial apicid	: 5
fpu		: yes
fpu_exception	: yes
cpuid level	: 21
wp		: yes
flags		: fpu vme de pse tsc msr pae mce cx8 apic sep mtrr pge mca cmov pat pse36 clflush mmx fxsr sse sse2 ss ht syscall nx pdpe1gb rdtscp lm constant_tsc rep_good nopl xtopology cpuid pni pclmulqdq ssse3 fma cx16 pcid sse4_1 sse4_2 movbe popcnt aes xsave avx f16c rdrand hypervisor lahf_lm abm 3dnowprefetch invpcid_single ssbd ibrs ibpb stibp ibrs_enhanced fsgsbase bmi1 avx2 smep bmi2 erms invpcid rdseed adx smap clflushopt xsaveopt xsavec xgetbv1 xsaves flush_l1d arch_capabilities
bugs		: spectre_v1 spectre_v2 spec_store_bypass swapgs itlb_multihit
bogomips	: 4799.49
clflush size	: 64
cache_alignment	: 64
address sizes	: 39 bits physical, 48 bits virtual
power management:

processor	: 6
vendor_id	: GenuineIntel
cpu family	: 6
model		: 165
model name	: Intel(R) Core(TM) i9-10885H CPU @ 2.40GHz
stepping	: 2
microcode	: 0xffffffff
cpu MHz		: 2399.746
cache size	: 16384 KB
physical id	: 0
siblings	: 16
core id		: 3
cpu cores	: 8
apicid		: 6
initial apicid	: 6
fpu		: yes
fpu_exception	: yes
cpuid level	: 21
wp		: yes
flags		: fpu vme de pse tsc msr pae mce cx8 apic sep mtrr pge mca cmov pat pse36 clflush mmx fxsr sse sse2 ss ht syscall nx pdpe1gb rdtscp lm constant_tsc rep_good nopl xtopology cpuid pni pclmulqdq ssse3 fma cx16 pcid sse4_1 sse4_2 movbe popcnt aes xsave avx f16c rdrand hypervisor lahf_lm abm 3dnowprefetch invpcid_single ssbd ibrs ibpb stibp ibrs_enhanced fsgsbase bmi1 avx2 smep bmi2 erms invpcid rdseed adx smap clflushopt xsaveopt xsavec xgetbv1 xsaves flush_l1d arch_capabilities
bugs		: spectre_v1 spectre_v2 spec_store_bypass swapgs itlb_multihit
bogomips	: 4799.49
clflush size	: 64
cache_alignment	: 64
address sizes	: 39 bits physical, 48 bits virtual
power management:

processor	: 7
vendor_id	: GenuineIntel
cpu family	: 6
model		: 165
model name	: Intel(R) Core(TM) i9-10885H CPU @ 2.40GHz
stepping	: 2
microcode	: 0xffffffff
cpu MHz		: 2399.746
cache size	: 16384 KB
physical id	: 0
siblings	: 16
core id		: 3
cpu cores	: 8
apicid		: 7
initial apicid	: 7
fpu		: yes
fpu_exception	: yes
cpuid level	: 21
wp		: yes
flags		: fpu vme de pse tsc msr pae mce cx8 apic sep mtrr pge mca cmov pat pse36 clflush mmx fxsr sse sse2 ss ht syscall nx pdpe1gb rdtscp lm constant_tsc rep_good nopl xtopology cpuid pni pclmulqdq ssse3 fma cx16 pcid sse4_1 sse4_2 movbe popcnt aes xsave avx f16c rdrand hypervisor lahf_lm abm 3dnowprefetch invpcid_single ssbd ibrs ibpb stibp ibrs_enhanced fsgsbase bmi1 avx2 smep bmi2 erms invpcid rdseed adx smap clflushopt xsaveopt xsavec xgetbv1 xsaves flush_l1d arch_capabilities
bugs		: spectre_v1 spectre_v2 spec_store_bypass swapgs itlb_multihit
bogomips	: 4799.49
clflush size	: 64
cache_alignment	: 64
address sizes	: 39 bits physical, 48 bits virtual
power management:

processor	: 8
vendor_id	: GenuineIntel
cpu family	: 6
model		: 165
model name	: Intel(R) Core(TM) i9-10885H CPU @ 2.40GHz
stepping	: 2
microcode	: 0xffffffff
cpu MHz		: 2399.746
cache size	: 16384 KB
physical id	: 0
siblings	: 16
core id		: 4
cpu cores	: 8
apicid		: 8
initial apicid	: 8
fpu		: yes
fpu_exception	: yes
cpuid level	: 21
wp		: yes
flags		: fpu vme de pse tsc msr pae mce cx8 apic sep mtrr pge mca cmov pat pse36 clflush mmx fxsr sse sse2 ss ht syscall nx pdpe1gb rdtscp lm constant_tsc rep_good nopl xtopology cpuid pni pclmulqdq ssse3 fma cx16 pcid sse4_1 sse4_2 movbe popcnt aes xsave avx f16c rdrand hypervisor lahf_lm abm 3dnowprefetch invpcid_single ssbd ibrs ibpb stibp ibrs_enhanced fsgsbase bmi1 avx2 smep bmi2 erms invpcid rdseed adx smap clflushopt xsaveopt xsavec xgetbv1 xsaves flush_l1d arch_capabilities
bugs		: spectre_v1 spectre_v2 spec_store_bypass swapgs itlb_multihit
bogomips	: 4799.49
clflush size	: 64
cache_alignment	: 64
address sizes	: 39 bits physical, 48 bits virtual
power management:

processor	: 9
vendor_id	: GenuineIntel
cpu family	: 6
model		: 165
model name	: Intel(R) Core(TM) i9-10885H CPU @ 2.40GHz
stepping	: 2
microcode	: 0xffffffff
cpu MHz		: 2399.746
cache size	: 16384 KB
physical id	: 0
siblings	: 16
core id		: 4
cpu cores	: 8
apicid		: 9
initial apicid	: 9
fpu		: yes
fpu_exception	: yes
cpuid level	: 21
wp		: yes
flags		: fpu vme de pse tsc msr pae mce cx8 apic sep mtrr pge mca cmov pat pse36 clflush mmx fxsr sse sse2 ss ht syscall nx pdpe1gb rdtscp lm constant_tsc rep_good nopl xtopology cpuid pni pclmulqdq ssse3 fma cx16 pcid sse4_1 sse4_2 movbe popcnt aes xsave avx f16c rdrand hypervisor lahf_lm abm 3dnowprefetch invpcid_single ssbd ibrs ibpb stibp ibrs_enhanced fsgsbase bmi1 avx2 smep bmi2 erms invpcid rdseed adx smap clflushopt xsaveopt xsavec xgetbv1 xsaves flush_l1d arch_capabilities
bugs		: spectre_v1 spectre_v2 spec_store_bypass swapgs itlb_multihit
bogomips	: 4799.49
clflush size	: 64
cache_alignment	: 64
address sizes	: 39 bits physical, 48 bits virtual
power management:

processor	: 10
vendor_id	: GenuineIntel
cpu family	: 6
model		: 165
model name	: Intel(R) Core(TM) i9-10885H CPU @ 2.40GHz
stepping	: 2
microcode	: 0xffffffff
cpu MHz		: 2399.746
cache size	: 16384 KB
physical id	: 0
siblings	: 16
core id		: 5
cpu cores	: 8
apicid		: 10
initial apicid	: 10
fpu		: yes
fpu_exception	: yes
cpuid level	: 21
wp		: yes
flags		: fpu vme de pse tsc msr pae mce cx8 apic sep mtrr pge mca cmov pat pse36 clflush mmx fxsr sse sse2 ss ht syscall nx pdpe1gb rdtscp lm constant_tsc rep_good nopl xtopology cpuid pni pclmulqdq ssse3 fma cx16 pcid sse4_1 sse4_2 movbe popcnt aes xsave avx f16c rdrand hypervisor lahf_lm abm 3dnowprefetch invpcid_single ssbd ibrs ibpb stibp ibrs_enhanced fsgsbase bmi1 avx2 smep bmi2 erms invpcid rdseed adx smap clflushopt xsaveopt xsavec xgetbv1 xsaves flush_l1d arch_capabilities
bugs		: spectre_v1 spectre_v2 spec_store_bypass swapgs itlb_multihit
bogomips	: 4799.49
clflush size	: 64
cache_alignment	: 64
address sizes	: 39 bits physical, 48 bits virtual
power management:

processor	: 11
vendor_id	: GenuineIntel
cpu family	: 6
model		: 165
model name	: Intel(R) Core(TM) i9-10885H CPU @ 2.40GHz
stepping	: 2
microcode	: 0xffffffff
cpu MHz		: 2399.746
cache size	: 16384 KB
physical id	: 0
siblings	: 16
core id		: 5
cpu cores	: 8
apicid		: 11
initial apicid	: 11
fpu		: yes
fpu_exception	: yes
cpuid level	: 21
wp		: yes
flags		: fpu vme de pse tsc msr pae mce cx8 apic sep mtrr pge mca cmov pat pse36 clflush mmx fxsr sse sse2 ss ht syscall nx pdpe1gb rdtscp lm constant_tsc rep_good nopl xtopology cpuid pni pclmulqdq ssse3 fma cx16 pcid sse4_1 sse4_2 movbe popcnt aes xsave avx f16c rdrand hypervisor lahf_lm abm 3dnowprefetch invpcid_single ssbd ibrs ibpb stibp ibrs_enhanced fsgsbase bmi1 avx2 smep bmi2 erms invpcid rdseed adx smap clflushopt xsaveopt xsavec xgetbv1 xsaves flush_l1d arch_capabilities
bugs		: spectre_v1 spectre_v2 spec_store_bypass swapgs itlb_multihit
bogomips	: 4799.49
clflush size	: 64
cache_alignment	: 64
address sizes	: 39 bits physical, 48 bits virtual
power management:

processor	: 12
vendor_id	: GenuineIntel
cpu family	: 6
model		: 165
model name	: Intel(R) Core(TM) i9-10885H CPU @ 2.40GHz
stepping	: 2
microcode	: 0xffffffff
cpu MHz		: 2399.746
cache size	: 16384 KB
physical id	: 0
siblings	: 16
core id		: 6
cpu cores	: 8
apicid		: 12
initial apicid	: 12
fpu		: yes
fpu_exception	: yes
cpuid level	: 21
wp		: yes
flags		: fpu vme de pse tsc msr pae mce cx8 apic sep mtrr pge mca cmov pat pse36 clflush mmx fxsr sse sse2 ss ht syscall nx pdpe1gb rdtscp lm constant_tsc rep_good nopl xtopology cpuid pni pclmulqdq ssse3 fma cx16 pcid sse4_1 sse4_2 movbe popcnt aes xsave avx f16c rdrand hypervisor lahf_lm abm 3dnowprefetch invpcid_single ssbd ibrs ibpb stibp ibrs_enhanced fsgsbase bmi1 avx2 smep bmi2 erms invpcid rdseed adx smap clflushopt xsaveopt xsavec xgetbv1 xsaves flush_l1d arch_capabilities
bugs		: spectre_v1 spectre_v2 spec_store_bypass swapgs itlb_multihit
bogomips	: 4799.49
clflush size	: 64
cache_alignment	: 64
address sizes	: 39 bits physical, 48 bits virtual
power management:

processor	: 13
vendor_id	: GenuineIntel
cpu family	: 6
model		: 165
model name	: Intel(R) Core(TM) i9-10885H CPU @ 2.40GHz
stepping	: 2
microcode	: 0xffffffff
cpu MHz		: 2399.746
cache size	: 16384 KB
physical id	: 0
siblings	: 16
core id		: 6
cpu cores	: 8
apicid		: 13
initial apicid	: 13
fpu		: yes
fpu_exception	: yes
cpuid level	: 21
wp		: yes
flags		: fpu vme de pse tsc msr pae mce cx8 apic sep mtrr pge mca cmov pat pse36 clflush mmx fxsr sse sse2 ss ht syscall nx pdpe1gb rdtscp lm constant_tsc rep_good nopl xtopology cpuid pni pclmulqdq ssse3 fma cx16 pcid sse4_1 sse4_2 movbe popcnt aes xsave avx f16c rdrand hypervisor lahf_lm abm 3dnowprefetch invpcid_single ssbd ibrs ibpb stibp ibrs_enhanced fsgsbase bmi1 avx2 smep bmi2 erms invpcid rdseed adx smap clflushopt xsaveopt xsavec xgetbv1 xsaves flush_l1d arch_capabilities
bugs		: spectre_v1 spectre_v2 spec_store_bypass swapgs itlb_multihit
bogomips	: 4799.49
clflush size	: 64
cache_alignment	: 64
address sizes	: 39 bits physical, 48 bits virtual
power management:

processor	: 14
vendor_id	: GenuineIntel
cpu family	: 6
model		: 165
model name	: Intel(R) Core(TM) i9-10885H CPU @ 2.40GHz
stepping	: 2
microcode	: 0xffffffff
cpu MHz		: 2399.746
cache size	: 16384 KB
physical id	: 0
siblings	: 16
core id		: 7
cpu cores	: 8
apicid		: 14
initial apicid	: 14
fpu		: yes
fpu_exception	: yes
cpuid level	: 21
wp		: yes
flags		: fpu vme de pse tsc msr pae mce cx8 apic sep mtrr pge mca cmov pat pse36 clflush mmx fxsr sse sse2 ss ht syscall nx pdpe1gb rdtscp lm constant_tsc rep_good nopl xtopology cpuid pni pclmulqdq ssse3 fma cx16 pcid sse4_1 sse4_2 movbe popcnt aes xsave avx f16c rdrand hypervisor lahf_lm abm 3dnowprefetch invpcid_single ssbd ibrs ibpb stibp ibrs_enhanced fsgsbase bmi1 avx2 smep bmi2 erms invpcid rdseed adx smap clflushopt xsaveopt xsavec xgetbv1 xsaves flush_l1d arch_capabilities
bugs		: spectre_v1 spectre_v2 spec_store_bypass swapgs itlb_multihit
bogomips	: 4799.49
clflush size	: 64
cache_alignment	: 64
address sizes	: 39 bits physical, 48 bits virtual
power management:

processor	: 15
vendor_id	: GenuineIntel
cpu family	: 6
model		: 165
model name	: Intel(R) Core(TM) i9-10885H CPU @ 2.40GHz
stepping	: 2
microcode	: 0xffffffff
cpu MHz		: 2399.746
cache size	: 16384 KB
physical id	: 0
siblings	: 16
core id		: 7
cpu cores	: 8
apicid		: 15
initial apicid	: 15
fpu		: yes
fpu_exception	: yes
cpuid level	: 21
wp		: yes
flags		: fpu vme de pse tsc msr pae mce cx8 apic sep mtrr pge mca cmov pat pse36 clflush mmx fxsr sse sse2 ss ht syscall nx pdpe1gb rdtscp lm constant_tsc rep_good nopl xtopology cpuid pni pclmulqdq ssse3 fma cx16 pcid sse4_1 sse4_2 movbe popcnt aes xsave avx f16c rdrand hypervisor lahf_lm abm 3dnowprefetch invpcid_single ssbd ibrs ibpb stibp ibrs_enhanced fsgsbase bmi1 avx2 smep bmi2 erms invpcid rdseed adx smap clflushopt xsaveopt xsavec xgetbv1 xsaves flush_l1d arch_capabilities
bugs		: spectre_v1 spectre_v2 spec_store_bypass swapgs itlb_multihit
bogomips	: 4799.49
clflush size	: 64
cache_alignment	: 64
address sizes	: 39 bits physical, 48 bits virtual
power management:



Memory: 4k page, physical 26067824k(22845224k free), swap 7340032k(7340032k free)

vm_info: Java HotSpot(TM) 64-Bit Server VM (25.291-b10) for linux-amd64 JRE (1.8.0_291-b10), built on Apr  7 2021 19:13:06 by "java_re" with gcc 7.3.0

time: Thu Aug 12 13:08:11 2021
timezone: BST
elapsed time: 0.261596 seconds (0d 0h 0m 0s)

